make all --print-data-base --no-builtin-variables --no-builtin-rules --question
# GNU Make 3.81
# Copyright (C) 2006  Free Software Foundation, Inc.
# This is free software; see the source for copying conditions.
# There is NO warranty; not even for MERCHANTABILITY or FITNESS FOR A
# PARTICULAR PURPOSE.

# This program built for i386-apple-darwin11.3.0
 

# Make data base, printed on Mon Oct 10 11:24:57 2022

# Variables

# environment
VSCODE_GIT_ASKPASS_MAIN = /Applications/Visual Studio Code.app/Contents/Resources/app/extensions/git/dist/askpass-main.js
# automatic
<D = $(patsubst %/,%,$(dir $<))
# automatic
?F = $(notdir $?)
# environment
ELECTRON_NO_ATTACH_CONSOLE = 1
# makefile (from `Makefile', line 2)
BINARY_NAME = chainwall
# automatic
?D = $(patsubst %/,%,$(dir $?))
# automatic
@D = $(patsubst %/,%,$(dir $@))
# automatic
@F = $(notdir $@)
# makefile
CURDIR := /Users/pbroadhurst/dev/firefly/ethbinding
# makefile
SHELL = /bin/sh
# environment
VSCODE_NLS_CONFIG = {"locale":"en-us","availableLanguages":{},"_languagePackSupport":true}
# environment
_ = /usr/bin/make
# makefile (from `Makefile', line 1)
MAKEFILE_LIST :=  Makefile
# environment
VSCODE_INJECTION = 1
# environment
VSCODE_AMD_ENTRYPOINT = vs/workbench/api/node/extensionHostProcess
# environment
__CFBundleIdentifier = com.microsoft.VSCode
# environment
INFOPATH = /opt/homebrew/share/info:/opt/homebrew/share/info:/opt/homebrew/share/info:/opt/homebrew/share/info:
# environment
VSCODE_CWD = /Users/pbroadhurst/dev/firefly/firefly-ethconnect
# environment
GOPROXY = https://proxy.golang.org,direct
# environment
PATH = /usr/local/go/bin:/opt/homebrew/opt/ruby/bin:/opt/homebrew/opt/gnupg@2.3/bin:/opt/homebrew/bin:/opt/homebrew/sbin:/usr/local/bin:/usr/bin:/bin:/usr/sbin:/sbin:/opt/homebrew/opt/ruby/bin:/opt/homebrew/opt/gnupg@2.3/bin:/opt/homebrew/bin:/opt/homebrew/sbin:/Users/pbroadhurst/go/bin:/Users/pbroadhurst/go/bin
# environment
GOROOT = /usr/local/go
# environment
LSCOLORS = Gxfxcxdxbxegedabagacad
# makefile (from `Makefile', line 5)
LINT := /Users/pbroadhurst/go/bin/golangci-lint
# environment
ZDOTDIR = /var/folders/tb/b88h058x6675g5g_dkgsy8jm0000gn/T/vscode-zsh
# environment
GOPATH = /Users/pbroadhurst/go
# environment
LaunchInstanceID = 165532DC-D25E-4701-88C2-27F02419F5AA
# environment
ELECTRON_RUN_AS_NODE = 1
# default
.FEATURES := target-specific order-only second-expansion else-if archives jobserver check-symlink
# environment
SSH_AUTH_SOCK = /Users/pbroadhurst/.gnupg/S.gpg-agent.ssh
# automatic
%F = $(notdir $%)
# makefile (from `Makefile', line 4)
GOBIN := /Users/pbroadhurst/go/bin
# environment
PWD = /Users/pbroadhurst/dev/firefly/ethbinding
# environment
HOMEBREW_CELLAR = /opt/homebrew/Cellar
# environment
ORIGINAL_XDG_CURRENT_DESKTOP = undefined
# environment
MANPATH = /opt/homebrew/share/man:/usr/share/man:/usr/local/share/man:/opt/homebrew/share/man:
# environment
GOMODCACHE = /Users/pbroadhurst/go/pkg/mod
# environment
HOME = /Users/pbroadhurst
# default
MAKEFILEPATH = $(shell /usr/bin/xcode-select -print-path 2>/dev/null || echo /Developer)/Makefiles
# environment
VSCODE_CLI = 1
# environment
VSCODE_CODE_CACHE_PATH = /Users/pbroadhurst/Library/Application Support/Code/CachedData/74b1f979648cc44d385a2286793c226e611f59e7
# environment
LOGNAME = pbroadhurst
# environment
APPLICATION_INSIGHTS_NO_DIAGNOSTIC_CHANNEL = 1
# environment
ZSH = /Users/pbroadhurst/.oh-my-zsh
# environment
VSCODE_HANDLES_UNCAUGHT_ERRORS = true
# automatic
^D = $(patsubst %/,%,$(dir $^))
# environment
MAKELEVEL := 0
# environment
XPC_FLAGS = 0x0
# environment
COLORTERM = truecolor
# default
MAKE = $(MAKE_COMMAND)
# environment
LC_TERMINAL = iTerm2
# environment
SHLVL = 9
# default
MAKE_VERSION := 3.81
# environment
USER = pbroadhurst
# makefile
.DEFAULT_GOAL := all
# default
MAKECMDGOALS := all
# environment
TERM_SESSION_ID = w0t4p0:FEC5FB75-906F-45D2-9728-D99F41D78722
# environment
LESS = -R
# automatic
%D = $(patsubst %/,%,$(dir $%))
# default
MAKE_COMMAND := /Library/Developer/CommandLineTools/usr/bin/make
# environment
VSCODE_GIT_ASKPASS_EXTRA_ARGS = --ms-enable-electron-run-as-node
# environment
TERM_PROGRAM = vscode
# default
.VARIABLES := 
# environment
TMPDIR = /var/folders/tb/b88h058x6675g5g_dkgsy8jm0000gn/T/
# automatic
*F = $(notdir $*)
# environment
VSCODE_IPC_HOOK = /Users/pbroadhurst/Library/Application Support/Code/1.71.2-main.sock
# environment
VSCODE_GIT_ASKPASS_NODE = /Applications/Visual Studio Code.app/Contents/Frameworks/Code Helper.app/Contents/MacOS/Code Helper
# environment
MallocNanoZone = 0
# makefile
MAKEFLAGS = Rrqp
# environment
MFLAGS = -Rrqp
# automatic
*D = $(patsubst %/,%,$(dir $*))
# environment
TERM_PROGRAM_VERSION = 1.71.2
# environment
XPC_SERVICE_NAME = application.com.microsoft.VSCode.33287124.33287130.84CAF0AE-35DC-4511-9DD4-A66F6B317E3F
# environment
LC_TERMINAL_VERSION = 3.4.16
# environment
HOMEBREW_PREFIX = /opt/homebrew
# automatic
+D = $(patsubst %/,%,$(dir $+))
# automatic
+F = $(notdir $+)
# environment
ITERM_SESSION_ID = w0t4p0:FEC5FB75-906F-45D2-9728-D99F41D78722
# environment
HOMEBREW_REPOSITORY = /opt/homebrew
# environment
COLORFGBG = 7;0
# environment
__CF_USER_TEXT_ENCODING = 0x1F5:0x0:0x0
# environment
COMMAND_MODE = unix2003
# environment
GIT_ASKPASS = /Applications/Visual Studio Code.app/Contents/Resources/app/extensions/git/dist/askpass.sh
# default
MAKEFILES := 
# automatic
<F = $(notdir $<)
# environment
ITERM_PROFILE = Default
# makefile (from `Makefile', line 1)
VGO = go 
# environment
PAGER = less
# environment
LC_ALL = C
# environment
SECURITYSESSIONID = 186b2
# automatic
^F = $(notdir $^)
# default
SUFFIXES := 
# default
.INCLUDE_DIRS = /usr/local/include
# makefile (from `Makefile', line 3)
GOFILES := ./main.go ./pkg/types.go ./pkg/typeutils_test.go ./pkg/typeutils.go
# environment
VSCODE_GIT_IPC_HANDLE = /var/folders/tb/b88h058x6675g5g_dkgsy8jm0000gn/T/vscode-git-2a3395634d.sock
# environment
GPG_TTY = /dev/ttys004
# environment
LANG = C
# environment
TERM = xterm-256color
# environment
VSCODE_PID = 74037
# variable set hash-table stats:
# Load=98/1024=10%, Rehash=0, Collisions=8/134=6%

# Pattern-specific Variable Values

# No pattern-specific variable values.

# Directories

# . (device 16777233, inode 2248575): 17 files, no impossibilities.

# 17 files, no impossibilities in 1 directories.

# Implicit Rules

# No implicit rules.

# Files

/Users/pbroadhurst/go/bin/golangci-lint:
#  Implicit rule search has not been done.
#  Modification time never checked.
#  File has not been updated.
#  commands to execute (from `Makefile', line 25):
	$(VGO) install github.com/golangci/golangci-lint/cmd/golangci-lint@latest
	

all: ethbinding.so
#  Command-line target.
#  Implicit rule search has been done.
#  File does not exist.
#  File has been updated.
#  Needs to be updated (-q is set).
# variable set hash-table stats:
# Load=0/32=0%, Rehash=0, Collisions=0/3=0%

# Not a target:
pkg/typeutils_test.go:
#  Implicit rule search has been done.
#  Last modified 2022-02-16 14:19:11
#  File has been updated.
#  Successfully updated.
# variable set hash-table stats:
# Load=0/32=0%, Rehash=0, Collisions=0/0=0%

go-mod-tidy: .ALWAYS
#  Implicit rule search has not been done.
#  Modification time never checked.
#  File has not been updated.
#  commands to execute (from `Makefile', line 27):
	$(VGO) mod tidy
	

deps:
#  Implicit rule search has not been done.
#  Implicit/static pattern stem: `'
#  File does not exist.
#  File has been updated.
#  Needs to be updated (-q is set).
# automatic
# @ := deps
# automatic
# % := 
# automatic
# * := 
# automatic
# + := 
# automatic
# | := 
# automatic
# < := 
# automatic
# ^ := 
# automatic
# ? := 
# variable set hash-table stats:
# Load=8/32=25%, Rehash=0, Collisions=1/11=9%
#  commands to execute (from `Makefile', line 23):
	$(VGO) get
	

# Not a target:
.SUFFIXES:
#  Implicit rule search has not been done.
#  Modification time never checked.
#  File has not been updated.

# Not a target:
Makefile:
#  Implicit rule search has been done.
#  Last modified 2022-02-16 14:19:11
#  File has been updated.
#  Successfully updated.
# variable set hash-table stats:
# Load=0/32=0%, Rehash=0, Collisions=0/0=0%

test: deps lint
#  Implicit rule search has not been done.
#  Last modified 2022-02-16 14:19:11
#  File has been updated.
#  Needs to be updated (-q is set).
# variable set hash-table stats:
# Load=0/32=0%, Rehash=0, Collisions=0/3=0%
#  commands to execute (from `Makefile', line 10):
 
	$(VGO) test  ./... -cover -coverprofile=coverage.txt -covermode=atomic
	

build: ethbinding.so
#  Implicit rule search has not been done.
#  Modification time never checked.
#  File has not been updated.

# Not a target:
pkg/types.go:
#  Implicit rule search has been done.
#  Last modified 2022-03-22 00:25:54
#  File has been updated.
#  Successfully updated.
# variable set hash-table stats:
# Load=0/32=0%, Rehash=0, Collisions=0/0=0%

# Not a target:
pkg/typeutils.go:
#  Implicit rule search has been done.
#  Last modified 2022-02-16 14:19:11
#  File has been updated.
#  Successfully updated.
# variable set hash-table stats:
# Load=0/32=0%, Rehash=0, Collisions=0/0=0%

# Not a target:
main.go:
#  Implicit rule search has been done.
#  Last modified 2022-02-16 14:19:11
#  File has been updated.
#  Successfully updated.
# variable set hash-table stats:
# Load=0/32=0%, Rehash=0, Collisions=0/0=0%

# Not a target:
.DEFAULT:
#  Implicit rule search has not been done.
#  Modification time never checked.
#  File has not been updated.

clean:
#  Implicit rule search has not been done.
#  Modification time never checked.
#  File has not been updated.
#  commands to execute (from `Makefile', line 20):
	$(VGO) clean
	rm -f *.so
	

coverage: test coverage.html
#  Implicit rule search has not been done.
#  Modification time never checked.
#  File has not been updated.

# Not a target:
.ALWAYS:
#  Implicit rule search has not been done.
#  Modification time never checked.
#  File has not been updated.

coverage.html:
#  Implicit rule search has not been done.
#  Modification time never checked.
#  File has not been updated.
#  commands to execute (from `Makefile', line 12):
	$(VGO) tool cover -html=coverage.txt
	

lint: /Users/pbroadhurst/go/bin/golangci-lint
#  Implicit rule search has not been done.
#  Modification time never checked.
#  File has not been updated.
#  commands to execute (from `Makefile', line 17):
	GOGC=20 $(LINT) run -v --timeout 5m
	

.DELETE_ON_ERROR:
#  Implicit rule search has not been done.
#  Modification time never checked.
#  File has not been updated.

ethbinding.so: main.go pkg/types.go pkg/typeutils_test.go pkg/typeutils.go test
#  Implicit rule search has not been done.
#  Last modified 2022-04-04 18:01:53
#  File has been updated.
#  Needs to be updated (-q is set).
# variable set hash-table stats:
# Load=0/32=0%, Rehash=0, Collisions=0/3=0%
#  commands to execute (from `Makefile', line 15):
	go build -trimpath -o ethbinding.so -buildmode=plugin -tags=prod -v
	

# files hash-table stats:
# Load=20/1024=2%, Rehash=0, Collisions=2/47=4%
# VPATH Search Paths

# No `vpath' search paths.

# No general (`VPATH' variable) search path.

# # of strings in strcache: 1
# # of strcache buffers: 1
# strcache size: total = 4096 / max = 4096 / min = 4096 / avg = 4096
# strcache free: total = 4087 / max = 4087 / min = 4087 / avg = 4087

# Finished Make data base on Mon Oct 10 11:24:57 2022

 
